<?xml version="1.0" encoding="UTF-8"?>
<!-- Generated by org.testng.reporters.JUnitReportReporter -->
<testsuite hostname="DESKTOP-B5VRI2K" failures="0" tests="1" name="com.mindtree.Runner.BookRunner" time="181.149" errors="0" timestamp="2021-11-09T13:07:09 IST" skipped="0">
  <testcase classname="com.mindtree.Runner.BookRunner" name="runScenario" time="181.149"/>
</testsuite> <!-- com.mindtree.Runner.BookRunner -->
